<?xml version="1.0" encoding="UTF-8"?>
<!-- Generated by org.testng.reporters.JUnitReportReporter -->
<testsuite hostname="LAPTOP-02102020" failures="0" tests="1" name="Filter.BeginStringFilterTest" time="0.000" errors="0" timestamp="2022-03-28T12:33:46 OMST" skipped="0">
  <testcase classname="Filter.BeginStringFilterTest" name="BeginStringFilterTest" time="0.000"/>
  <system-out/>
</testsuite> <!-- Filter.BeginStringFilterTest -->
